<?xml version="1.0" encoding="UTF-8"?>
<testsuite xmlns:xsi="http://www.w3.org/2001/XMLSchema-instance" xsi:noNamespaceSchemaLocation="https://maven.apache.org/surefire/maven-surefire-plugin/xsd/surefire-test-report.xsd" name="MyTest" time="0.029" tests="24" errors="0" skipped="0" failures="0">
  <properties>
[...]
</properties>
  <testcase name="generateDeckTest1" classname="MyTest" time="0.013"/>
  <testcase name="generateDeckTest2" classname="MyTest" time="0"/>
  <testcase name="whoWonTest1" classname="MyTest" time="0.001"/>
  <testcase name="whoWonTest2" classname="MyTest" time="0.001"/>
  <testcase name="handTotalTest1" classname="MyTest" time="0"/>
  <testcase name="handTotalTest2" classname="MyTest" time="0"/>
  <testcase name="shuffleDeckTest1" classname="MyTest" time="0.001"/>
  <testcase name="shuffleDeckTest2" classname="MyTest" time="0"/>
  <testcase name="BaccaratGameConstructorTest" classname="MyTest" time="0"/>
  <testcase name="dealHandTest1" classname="MyTest" time="0.001"/>
  <testcase name="dealHandTest2" classname="MyTest" time="0"/>
  <testcase name="BaccaratInfoConstructorTest" classname="MyTest" time="0.001"/>
  <testcase name="evaluatePlayerDrawTest1" classname="MyTest" time="0"/>
  <testcase name="evaluatePlayerDrawTest2" classname="MyTest" time="0"/>
  <testcase name="evaluateBankerDrawTest1" classname="MyTest" time="0"/>
  <testcase name="evaluateBankerDrawTest2" classname="MyTest" time="0"/>
  <testcase name="drawOneTest1" classname="MyTest" time="0.001"/>
  <testcase name="drawOneTest2" classname="MyTest" time="0"/>
  <testcase name="BaccaratDealerConstructorTest" classname="MyTest" time="0.001"/>
  <testcase name="evaluateWinningsTest1" classname="MyTest" time="0"/>
  <testcase name="evaluateWinningsTest2" classname="MyTest" time="0.001"/>
  <testcase name="BaccaratCardConstructorTest" classname="MyTest" time="0"/>
  <testcase name="deckSizeTest1" classname="MyTest" time="0.001"/>
  <testcase name="deckSizeTest2" classname="MyTest" time="0"/>
</testsuite>